<?xml version="1.0" encoding="UTF-8"?>
<!-- Generated by org.testng.reporters.JUnitXMLReporter -->
<testsuite hostname="Manja" name="Test" tests="3" failures="0" timestamp="9 Dec 2021 11:01:20 GMT" time="19.557" errors="0">
  <testcase name="TC_01" time="3.22" classname="Test.maven_project.Registertest"/>
  <testcase name="chocolateshop" time="0.016" classname="Test.maven_project.TC02test"/>
  <testcase name="icecreamshop" time="0.0" classname="Test.maven_project.TC02test"/>
</testsuite> <!-- Test -->
