<?xml version="1.0" encoding="UTF-8"?>
<!-- Generated by org.testng.reporters.JUnitXMLReporter -->
<testsuite hostname="Manja" name="Test" tests="3" failures="0" timestamp="9 Dec 2021 11:20:28 GMT" time="21.374" errors="0">
  <testcase name="TC_01" time="3.444" classname="Test.maven_project.Registertest"/>
  <testcase name="chocolateshop" time="0.016" classname="Test.maven_project.TC02test"/>
  <testcase name="icecreamshop" time="0.0" classname="Test.maven_project.TC02test"/>
</testsuite> <!-- Test -->
